<?xml version="1.0" encoding="UTF-8"?>
<!-- Generated by org.testng.reporters.JUnitReportReporter -->
<testsuite hostname="DESKTOP-SCKABHO" failures="0" tests="1" name="com.nafisa.LogIn" time="29.580" errors="0" timestamp="09 Oct 2023 12:26:09 GMT" skipped="0">
  <testcase classname="com.nafisa.LogIn" name="OpenUrl" time="29.580"/>
</testsuite> <!-- com.nafisa.LogIn -->
